<?xml version="1.0" encoding="UTF-8"?>
<!-- Generated by org.testng.reporters.JUnitReportReporter -->
<testsuite hostname="DESKTOP-R2V8H3U" failures="0" tests="1" name="com.testingshastra.uitests.homepagetests.HomepageTests" time="46.486" errors="0" timestamp="2021-11-10T21:39:34 IST" skipped="0">
  <testcase classname="com.testingshastra.uitests.homepagetests.HomepageTests" name="validateAllLinksOfHomePage" time="46.486"/>
  <system-out/>
</testsuite> <!-- com.testingshastra.uitests.homepagetests.HomepageTests -->
