<?xml version="1.0" encoding="UTF-8"?>
<!-- Generated by org.testng.reporters.JUnitReportReporter -->
<testsuite hostname="DESKTOP-R2V8H3U" failures="0" tests="3" name="com.testingshastra.uitests.HomePageTests" time="41.996" errors="0" timestamp="2021-11-01T10:17:31 IST" skipped="0">
  <testcase classname="com.testingshastra.uitests.HomePageTests" name="printAllInfoLinks" time="11.621"/>
  <system-out/>
  <testcase classname="com.testingshastra.uitests.HomePageTests" name="verifyTitleOfHomePage" time="10.821"/>
  <system-out/>
  <testcase classname="com.testingshastra.uitests.HomePageTests" name="verifyIfUserRedirectsToJoinMeetingPage" time="19.554"/>
  <system-out/>
</testsuite> <!-- com.testingshastra.uitests.HomePageTests -->
