<?xml version="1.0" encoding="UTF-8"?>
<!-- Generated by org.testng.reporters.JUnitReportReporter -->
<testsuite skipped="0" hostname="WINDOWS-T595N2E" name="com.testingshastra.UItest.homepagetest.HomePageTest" tests="1" failures="0" timestamp="2021-10-15T20:33:58 IST" time="10.079" errors="0">
  <testcase name="verifyhomepageoftitle" time="10.079" classname="com.testingshastra.UItest.homepagetest.HomePageTest"/>
  <system-out/>
</testsuite> <!-- com.testingshastra.UItest.homepagetest.HomePageTest -->
